Analysis & Synthesis report for relogio
Fri May 05 23:59:18 2023
Quartus Prime Version 20.1.0 Build 711 06/05/2020 SJ Lite Edition


---------------------
; Table of Contents ;
---------------------
  1. Legal Notice
  2. Analysis & Synthesis Summary
  3. Analysis & Synthesis Settings
  4. Parallel Compilation
  5. Analysis & Synthesis Source Files Read
  6. Analysis & Synthesis Resource Usage Summary
  7. Analysis & Synthesis Resource Utilization by Entity
  8. General Register Statistics
  9. Multiplexer Restructuring Statistics (Restructuring Performed)
 10. Parameter Settings for User Entity Instance: Top-level Entity: |relogio
 11. Parameter Settings for User Entity Instance: memoriaROM:ROM1
 12. Parameter Settings for User Entity Instance: memoriaRAM:RAM1
 13. Parameter Settings for User Entity Instance: CPU:CPU|muxGenerico2x1:MUX_ULA
 14. Parameter Settings for User Entity Instance: CPU:CPU|registradorGenerico:PC
 15. Parameter Settings for User Entity Instance: CPU:CPU|somaConstante:incrementaPC
 16. Parameter Settings for User Entity Instance: CPU:CPU|ULASomaSub:ULA1
 17. Parameter Settings for User Entity Instance: CPU:CPU|decoderInstru:DEC_INSTRUCAO
 18. Parameter Settings for User Entity Instance: CPU:CPU|muxGenerico4x1:MUX_PC
 19. Parameter Settings for User Entity Instance: CPU:CPU|registradorGenerico:REG_RETORNO
 20. Parameter Settings for User Entity Instance: CPU:CPU|bancoRegistradoresArqRegMem:RegMem
 21. Parameter Settings for User Entity Instance: registradorGenerico:REG8
 22. Parameter Settings for User Entity Instance: display:display|registradorGenerico:REG0
 23. Parameter Settings for User Entity Instance: display:display|registradorGenerico:REG1
 24. Parameter Settings for User Entity Instance: display:display|registradorGenerico:REG2
 25. Parameter Settings for User Entity Instance: display:display|registradorGenerico:REG3
 26. Parameter Settings for User Entity Instance: display:display|registradorGenerico:REG4
 27. Parameter Settings for User Entity Instance: display:display|registradorGenerico:REG5
 28. Parameter Settings for User Entity Instance: divisorGenerico_e_Interface:interfaceBaseTempo|divisorGenerico:baseTempo
 29. Parameter Settings for User Entity Instance: divisorGenerico_e_Interface:interfaceBaseTempo|divisorGenerico:baseRapido
 30. Port Connectivity Checks: "divisorGenerico_e_Interface:interfaceBaseTempo|flipflop:registraUmSegundo"
 31. Port Connectivity Checks: "flipflop:ff_debounce3"
 32. Port Connectivity Checks: "flipflop:ff_debounce2"
 33. Port Connectivity Checks: "flipflop:ff_debounce1"
 34. Port Connectivity Checks: "flipflop:ff_debounce0"
 35. Port Connectivity Checks: "buffer_3_state_8portas:key_reset"
 36. Port Connectivity Checks: "buffer_3_state_8portas:key3"
 37. Port Connectivity Checks: "buffer_3_state_8portas:key2"
 38. Port Connectivity Checks: "buffer_3_state_8portas:key1"
 39. Port Connectivity Checks: "buffer_3_state_8portas:key0"
 40. Port Connectivity Checks: "buffer_3_state_8portas:sw8"
 41. Port Connectivity Checks: "display:display|conversorHex7Seg:display5"
 42. Port Connectivity Checks: "display:display|registradorGenerico:REG5"
 43. Port Connectivity Checks: "display:display|conversorHex7Seg:display4"
 44. Port Connectivity Checks: "display:display|registradorGenerico:REG4"
 45. Port Connectivity Checks: "display:display|conversorHex7Seg:display3"
 46. Port Connectivity Checks: "display:display|registradorGenerico:REG3"
 47. Port Connectivity Checks: "display:display|conversorHex7Seg:display2"
 48. Port Connectivity Checks: "display:display|registradorGenerico:REG2"
 49. Port Connectivity Checks: "display:display|conversorHex7Seg:display1"
 50. Port Connectivity Checks: "display:display|registradorGenerico:REG1"
 51. Port Connectivity Checks: "display:display|conversorHex7Seg:display0"
 52. Port Connectivity Checks: "display:display|registradorGenerico:REG0"
 53. Port Connectivity Checks: "registradorGenerico:REG8"
 54. Port Connectivity Checks: "flipflop:FF2"
 55. Port Connectivity Checks: "flipflop:FF1"
 56. Port Connectivity Checks: "CPU:CPU|registradorGenerico:REG_RETORNO"
 57. Port Connectivity Checks: "CPU:CPU|flipflop:FLAG_IGUAL"
 58. Port Connectivity Checks: "CPU:CPU|muxGenerico4x1:MUX_PC"
 59. Port Connectivity Checks: "CPU:CPU|registradorGenerico:PC"
 60. Port Connectivity Checks: "decoder3x8:DEC2"
 61. Port Connectivity Checks: "decoder3x8:DEC1"
 62. Post-Synthesis Netlist Statistics for Top Partition
 63. Elapsed Time Per Partition
 64. Analysis & Synthesis Messages



----------------
; Legal Notice ;
----------------
Copyright (C) 2020  Intel Corporation. All rights reserved.
Your use of Intel Corporation's design tools, logic functions 
and other software and tools, and any partner logic 
functions, and any output files from any of the foregoing 
(including device programming or simulation files), and any 
associated documentation or information are expressly subject 
to the terms and conditions of the Intel Program License 
Subscription Agreement, the Intel Quartus Prime License Agreement,
the Intel FPGA IP License Agreement, or other applicable license
agreement, including, without limitation, that your use is for
the sole purpose of programming logic devices manufactured by
Intel and sold by Intel or its authorized distributors.  Please
refer to the applicable agreement for further details, at
https://fpgasoftware.intel.com/eula.



+-------------------------------------------------------------------------------+
; Analysis & Synthesis Summary                                                  ;
+---------------------------------+---------------------------------------------+
; Analysis & Synthesis Status     ; Successful - Fri May 05 23:59:18 2023       ;
; Quartus Prime Version           ; 20.1.0 Build 711 06/05/2020 SJ Lite Edition ;
; Revision Name                   ; relogio                                     ;
; Top-level Entity Name           ; Relogio                                     ;
; Family                          ; Cyclone V                                   ;
; Logic utilization (in ALMs)     ; N/A                                         ;
; Total registers                 ; 623                                         ;
; Total pins                      ; 68                                          ;
; Total virtual pins              ; 0                                           ;
; Total block memory bits         ; 0                                           ;
; Total DSP Blocks                ; 0                                           ;
; Total HSSI RX PCSs              ; 0                                           ;
; Total HSSI PMA RX Deserializers ; 0                                           ;
; Total HSSI TX PCSs              ; 0                                           ;
; Total HSSI PMA TX Serializers   ; 0                                           ;
; Total PLLs                      ; 0                                           ;
; Total DLLs                      ; 0                                           ;
+---------------------------------+---------------------------------------------+


+---------------------------------------------------------------------------------------------------------------------------+
; Analysis & Synthesis Settings                                                                                             ;
+---------------------------------------------------------------------------------+--------------------+--------------------+
; Option                                                                          ; Setting            ; Default Value      ;
+---------------------------------------------------------------------------------+--------------------+--------------------+
; Device                                                                          ; 5CEBA4F23C7        ;                    ;
; Top-level entity name                                                           ; relogio            ; relogio            ;
; Family name                                                                     ; Cyclone V          ; Cyclone V          ;
; VHDL Show LMF Mapping Messages                                                  ; Off                ;                    ;
; VHDL Version                                                                    ; VHDL_2008          ; VHDL_1993          ;
; Use smart compilation                                                           ; Off                ; Off                ;
; Enable parallel Assembler and Timing Analyzer during compilation                ; On                 ; On                 ;
; Enable compact report table                                                     ; Off                ; Off                ;
; Restructure Multiplexers                                                        ; Auto               ; Auto               ;
; MLAB Add Timing Constraints For Mixed-Port Feed-Through Mode Setting Don't Care ; Off                ; Off                ;
; Create Debugging Nodes for IP Cores                                             ; Off                ; Off                ;
; Preserve fewer node names                                                       ; On                 ; On                 ;
; Intel FPGA IP Evaluation Mode                                                   ; Enable             ; Enable             ;
; Verilog Version                                                                 ; Verilog_2001       ; Verilog_2001       ;
; State Machine Processing                                                        ; Auto               ; Auto               ;
; Safe State Machine                                                              ; Off                ; Off                ;
; Extract Verilog State Machines                                                  ; On                 ; On                 ;
; Extract VHDL State Machines                                                     ; On                 ; On                 ;
; Ignore Verilog initial constructs                                               ; Off                ; Off                ;
; Iteration limit for constant Verilog loops                                      ; 5000               ; 5000               ;
; Iteration limit for non-constant Verilog loops                                  ; 250                ; 250                ;
; Add Pass-Through Logic to Inferred RAMs                                         ; On                 ; On                 ;
; Infer RAMs from Raw Logic                                                       ; On                 ; On                 ;
; Parallel Synthesis                                                              ; On                 ; On                 ;
; DSP Block Balancing                                                             ; Auto               ; Auto               ;
; NOT Gate Push-Back                                                              ; On                 ; On                 ;
; Power-Up Don't Care                                                             ; On                 ; On                 ;
; Remove Redundant Logic Cells                                                    ; Off                ; Off                ;
; Remove Duplicate Registers                                                      ; On                 ; On                 ;
; Ignore CARRY Buffers                                                            ; Off                ; Off                ;
; Ignore CASCADE Buffers                                                          ; Off                ; Off                ;
; Ignore GLOBAL Buffers                                                           ; Off                ; Off                ;
; Ignore ROW GLOBAL Buffers                                                       ; Off                ; Off                ;
; Ignore LCELL Buffers                                                            ; Off                ; Off                ;
; Ignore SOFT Buffers                                                             ; On                 ; On                 ;
; Limit AHDL Integers to 32 Bits                                                  ; Off                ; Off                ;
; Optimization Technique                                                          ; Balanced           ; Balanced           ;
; Carry Chain Length                                                              ; 70                 ; 70                 ;
; Auto Carry Chains                                                               ; On                 ; On                 ;
; Auto Open-Drain Pins                                                            ; On                 ; On                 ;
; Perform WYSIWYG Primitive Resynthesis                                           ; Off                ; Off                ;
; Auto ROM Replacement                                                            ; On                 ; On                 ;
; Auto RAM Replacement                                                            ; On                 ; On                 ;
; Auto DSP Block Replacement                                                      ; On                 ; On                 ;
; Auto Shift Register Replacement                                                 ; Auto               ; Auto               ;
; Allow Shift Register Merging across Hierarchies                                 ; Auto               ; Auto               ;
; Auto Clock Enable Replacement                                                   ; On                 ; On                 ;
; Strict RAM Replacement                                                          ; Off                ; Off                ;
; Allow Synchronous Control Signals                                               ; On                 ; On                 ;
; Force Use of Synchronous Clear Signals                                          ; Off                ; Off                ;
; Auto Resource Sharing                                                           ; Off                ; Off                ;
; Allow Any RAM Size For Recognition                                              ; Off                ; Off                ;
; Allow Any ROM Size For Recognition                                              ; Off                ; Off                ;
; Allow Any Shift Register Size For Recognition                                   ; Off                ; Off                ;
; Use LogicLock Constraints during Resource Balancing                             ; On                 ; On                 ;
; Ignore translate_off and synthesis_off directives                               ; Off                ; Off                ;
; Timing-Driven Synthesis                                                         ; On                 ; On                 ;
; Report Parameter Settings                                                       ; On                 ; On                 ;
; Report Source Assignments                                                       ; On                 ; On                 ;
; Report Connectivity Checks                                                      ; On                 ; On                 ;
; Ignore Maximum Fan-Out Assignments                                              ; Off                ; Off                ;
; Synchronization Register Chain Length                                           ; 3                  ; 3                  ;
; Power Optimization During Synthesis                                             ; Normal compilation ; Normal compilation ;
; HDL message level                                                               ; Level2             ; Level2             ;
; Suppress Register Optimization Related Messages                                 ; Off                ; Off                ;
; Number of Removed Registers Reported in Synthesis Report                        ; 5000               ; 5000               ;
; Number of Swept Nodes Reported in Synthesis Report                              ; 5000               ; 5000               ;
; Number of Inverted Registers Reported in Synthesis Report                       ; 100                ; 100                ;
; Clock MUX Protection                                                            ; On                 ; On                 ;
; Auto Gated Clock Conversion                                                     ; Off                ; Off                ;
; Block Design Naming                                                             ; Auto               ; Auto               ;
; SDC constraint protection                                                       ; Off                ; Off                ;
; Synthesis Effort                                                                ; Auto               ; Auto               ;
; Shift Register Replacement - Allow Asynchronous Clear Signal                    ; On                 ; On                 ;
; Pre-Mapping Resynthesis Optimization                                            ; Off                ; Off                ;
; Analysis & Synthesis Message Level                                              ; Medium             ; Medium             ;
; Disable Register Merging Across Hierarchies                                     ; Auto               ; Auto               ;
; Resource Aware Inference For Block RAM                                          ; On                 ; On                 ;
; Automatic Parallel Synthesis                                                    ; On                 ; On                 ;
; Partial Reconfiguration Bitstream ID                                            ; Off                ; Off                ;
+---------------------------------------------------------------------------------+--------------------+--------------------+


+------------------------------------------+
; Parallel Compilation                     ;
+----------------------------+-------------+
; Processors                 ; Number      ;
+----------------------------+-------------+
; Number detected on machine ; 8           ;
; Maximum allowed            ; 4           ;
;                            ;             ;
; Average used               ; 1.00        ;
; Maximum used               ; 4           ;
;                            ;             ;
; Usage by Processor         ; % Time Used ;
;     Processor 1            ; 100.0%      ;
;     Processor 2            ;   0.0%      ;
;     Processor 3            ;   0.0%      ;
;     Processor 4            ;   0.0%      ;
+----------------------------+-------------+


+-----------------------------------------------------------------------------------------------------------------------------------------------------------------------------------+
; Analysis & Synthesis Source Files Read                                                                                                                                            ;
+----------------------------------+-----------------+-----------------+--------------------------------------------------------------------------------------------------+---------+
; File Name with User-Entered Path ; Used in Netlist ; File Type       ; File Name with Absolute Path                                                                     ; Library ;
+----------------------------------+-----------------+-----------------+--------------------------------------------------------------------------------------------------+---------+
; ULASomaSub.vhd                   ; yes             ; User VHDL File  ; C:/Users/nishi/OneDrive/Documentos/DESCOMP/Proj-Contador/Relógio/ULASomaSub.vhd                  ;         ;
; somaConstante.vhd                ; yes             ; User VHDL File  ; C:/Users/nishi/OneDrive/Documentos/DESCOMP/Proj-Contador/Relógio/somaConstante.vhd               ;         ;
; Relogio.vhd                      ; yes             ; User VHDL File  ; C:/Users/nishi/OneDrive/Documentos/DESCOMP/Proj-Contador/Relógio/Relogio.vhd                     ;         ;
; registradorGenerico.vhd          ; yes             ; User VHDL File  ; C:/Users/nishi/OneDrive/Documentos/DESCOMP/Proj-Contador/Relógio/registradorGenerico.vhd         ;         ;
; muxGenerico4x1.vhd               ; yes             ; User VHDL File  ; C:/Users/nishi/OneDrive/Documentos/DESCOMP/Proj-Contador/Relógio/muxGenerico4x1.vhd              ;         ;
; muxGenerico2x1.vhd               ; yes             ; User VHDL File  ; C:/Users/nishi/OneDrive/Documentos/DESCOMP/Proj-Contador/Relógio/muxGenerico2x1.vhd              ;         ;
; memoriaROM.vhd                   ; yes             ; User VHDL File  ; C:/Users/nishi/OneDrive/Documentos/DESCOMP/Proj-Contador/Relógio/memoriaROM.vhd                  ;         ;
; memoriaRAM.vhd                   ; yes             ; User VHDL File  ; C:/Users/nishi/OneDrive/Documentos/DESCOMP/Proj-Contador/Relógio/memoriaRAM.vhd                  ;         ;
; logicoDesvio.vhd                 ; yes             ; User VHDL File  ; C:/Users/nishi/OneDrive/Documentos/DESCOMP/Proj-Contador/Relógio/logicoDesvio.vhd                ;         ;
; flipflop.vhd                     ; yes             ; User VHDL File  ; C:/Users/nishi/OneDrive/Documentos/DESCOMP/Proj-Contador/Relógio/flipflop.vhd                    ;         ;
; edgeDetector.vhd                 ; yes             ; User VHDL File  ; C:/Users/nishi/OneDrive/Documentos/DESCOMP/Proj-Contador/Relógio/edgeDetector.vhd                ;         ;
; display.vhd                      ; yes             ; User VHDL File  ; C:/Users/nishi/OneDrive/Documentos/DESCOMP/Proj-Contador/Relógio/display.vhd                     ;         ;
; decoderInstru.vhd                ; yes             ; User VHDL File  ; C:/Users/nishi/OneDrive/Documentos/DESCOMP/Proj-Contador/Relógio/decoderInstru.vhd               ;         ;
; decoder3x8.vhd                   ; yes             ; User VHDL File  ; C:/Users/nishi/OneDrive/Documentos/DESCOMP/Proj-Contador/Relógio/decoder3x8.vhd                  ;         ;
; CPU.vhd                          ; yes             ; User VHDL File  ; C:/Users/nishi/OneDrive/Documentos/DESCOMP/Proj-Contador/Relógio/CPU.vhd                         ;         ;
; conversorHex7Seg.vhd             ; yes             ; User VHDL File  ; C:/Users/nishi/OneDrive/Documentos/DESCOMP/Proj-Contador/Relógio/conversorHex7Seg.vhd            ;         ;
; buffer_3_state_8portas.vhd       ; yes             ; User VHDL File  ; C:/Users/nishi/OneDrive/Documentos/DESCOMP/Proj-Contador/Relógio/buffer_3_state_8portas.vhd      ;         ;
; bancoRegistradoresArqRegMem.vhd  ; yes             ; User VHDL File  ; C:/Users/nishi/OneDrive/Documentos/DESCOMP/Proj-Contador/Relógio/bancoRegistradoresArqRegMem.vhd ;         ;
; divisorGenerico.vhd              ; yes             ; User VHDL File  ; C:/Users/nishi/OneDrive/Documentos/DESCOMP/Proj-Contador/Relógio/divisorGenerico.vhd             ;         ;
; divisorGenerico_e_Interface.vhd  ; yes             ; User VHDL File  ; C:/Users/nishi/OneDrive/Documentos/DESCOMP/Proj-Contador/Relógio/divisorGenerico_e_Interface.vhd ;         ;
; muxVelocidade.vhd                ; yes             ; User VHDL File  ; C:/Users/nishi/OneDrive/Documentos/DESCOMP/Proj-Contador/Relógio/muxVelocidade.vhd               ;         ;
+----------------------------------+-----------------+-----------------+--------------------------------------------------------------------------------------------------+---------+


+--------------------------------------------------------------+
; Analysis & Synthesis Resource Usage Summary                  ;
+---------------------------------------------+----------------+
; Resource                                    ; Usage          ;
+---------------------------------------------+----------------+
; Estimate of Logic utilization (ALMs needed) ; 509            ;
;                                             ;                ;
; Combinational ALUT usage for logic          ; 560            ;
;     -- 7 input functions                    ; 0              ;
;     -- 6 input functions                    ; 314            ;
;     -- 5 input functions                    ; 53             ;
;     -- 4 input functions                    ; 58             ;
;     -- <=3 input functions                  ; 135            ;
;                                             ;                ;
; Dedicated logic registers                   ; 623            ;
;                                             ;                ;
; I/O pins                                    ; 68             ;
;                                             ;                ;
; Total DSP Blocks                            ; 0              ;
;                                             ;                ;
; Maximum fan-out node                        ; CLOCK_50~input ;
; Maximum fan-out                             ; 618            ;
; Total fan-out                               ; 4645           ;
; Average fan-out                             ; 3.52           ;
+---------------------------------------------+----------------+


+--------------------------------------------------------------------------------------------------------------------------------------------------------------------------------------------------------------------------------------------------------------------------------------------------+
; Analysis & Synthesis Resource Utilization by Entity                                                                                                                                                                                                                                              ;
+-----------------------------------------------------+---------------------+---------------------------+-------------------+------------+------+--------------+--------------------------------------------------------------------------------------+-----------------------------+--------------+
; Compilation Hierarchy Node                          ; Combinational ALUTs ; Dedicated Logic Registers ; Block Memory Bits ; DSP Blocks ; Pins ; Virtual Pins ; Full Hierarchy Name                                                                  ; Entity Name                 ; Library Name ;
+-----------------------------------------------------+---------------------+---------------------------+-------------------+------------+------+--------------+--------------------------------------------------------------------------------------+-----------------------------+--------------+
; |Relogio                                            ; 560 (15)            ; 623 (0)                   ; 0                 ; 0          ; 68   ; 0            ; |Relogio                                                                             ; Relogio                     ; work         ;
;    |CPU:CPU|                                        ; 62 (0)              ; 27 (0)                    ; 0                 ; 0          ; 0    ; 0            ; |Relogio|CPU:CPU                                                                     ; CPU                         ; work         ;
;       |ULASomaSub:ULA1|                             ; 12 (12)             ; 0 (0)                     ; 0                 ; 0          ; 0    ; 0            ; |Relogio|CPU:CPU|ULASomaSub:ULA1                                                     ; ULASomaSub                  ; work         ;
;       |bancoRegistradoresArqRegMem:RegMem|          ; 0 (0)               ; 8 (8)                     ; 0                 ; 0          ; 0    ; 0            ; |Relogio|CPU:CPU|bancoRegistradoresArqRegMem:RegMem                                  ; bancoRegistradoresArqRegMem ; work         ;
;       |decoderInstru:DEC_INSTRUCAO|                 ; 5 (5)               ; 0 (0)                     ; 0                 ; 0          ; 0    ; 0            ; |Relogio|CPU:CPU|decoderInstru:DEC_INSTRUCAO                                         ; decoderInstru               ; work         ;
;       |flipflop:FLAG_IGUAL|                         ; 9 (9)               ; 1 (1)                     ; 0                 ; 0          ; 0    ; 0            ; |Relogio|CPU:CPU|flipflop:FLAG_IGUAL                                                 ; flipflop                    ; work         ;
;       |logicoDesvio:DESVIO|                         ; 1 (1)               ; 0 (0)                     ; 0                 ; 0          ; 0    ; 0            ; |Relogio|CPU:CPU|logicoDesvio:DESVIO                                                 ; logicoDesvio                ; work         ;
;       |muxGenerico2x1:MUX_ULA|                      ; 16 (16)             ; 0 (0)                     ; 0                 ; 0          ; 0    ; 0            ; |Relogio|CPU:CPU|muxGenerico2x1:MUX_ULA                                              ; muxGenerico2x1              ; work         ;
;       |muxGenerico4x1:MUX_PC|                       ; 10 (10)             ; 0 (0)                     ; 0                 ; 0          ; 0    ; 0            ; |Relogio|CPU:CPU|muxGenerico4x1:MUX_PC                                               ; muxGenerico4x1              ; work         ;
;       |registradorGenerico:PC|                      ; 0 (0)               ; 9 (9)                     ; 0                 ; 0          ; 0    ; 0            ; |Relogio|CPU:CPU|registradorGenerico:PC                                              ; registradorGenerico         ; work         ;
;       |registradorGenerico:REG_RETORNO|             ; 0 (0)               ; 9 (9)                     ; 0                 ; 0          ; 0    ; 0            ; |Relogio|CPU:CPU|registradorGenerico:REG_RETORNO                                     ; registradorGenerico         ; work         ;
;       |somaConstante:incrementaPC|                  ; 9 (9)               ; 0 (0)                     ; 0                 ; 0          ; 0    ; 0            ; |Relogio|CPU:CPU|somaConstante:incrementaPC                                          ; somaConstante               ; work         ;
;    |decoder3x8:DEC1|                                ; 1 (1)               ; 0 (0)                     ; 0                 ; 0          ; 0    ; 0            ; |Relogio|decoder3x8:DEC1                                                             ; decoder3x8                  ; work         ;
;    |display:display|                                ; 49 (7)              ; 24 (0)                    ; 0                 ; 0          ; 0    ; 0            ; |Relogio|display:display                                                             ; display                     ; work         ;
;       |conversorHex7Seg:display0|                   ; 7 (7)               ; 0 (0)                     ; 0                 ; 0          ; 0    ; 0            ; |Relogio|display:display|conversorHex7Seg:display0                                   ; conversorHex7Seg            ; work         ;
;       |conversorHex7Seg:display1|                   ; 7 (7)               ; 0 (0)                     ; 0                 ; 0          ; 0    ; 0            ; |Relogio|display:display|conversorHex7Seg:display1                                   ; conversorHex7Seg            ; work         ;
;       |conversorHex7Seg:display2|                   ; 7 (7)               ; 0 (0)                     ; 0                 ; 0          ; 0    ; 0            ; |Relogio|display:display|conversorHex7Seg:display2                                   ; conversorHex7Seg            ; work         ;
;       |conversorHex7Seg:display3|                   ; 7 (7)               ; 0 (0)                     ; 0                 ; 0          ; 0    ; 0            ; |Relogio|display:display|conversorHex7Seg:display3                                   ; conversorHex7Seg            ; work         ;
;       |conversorHex7Seg:display4|                   ; 7 (7)               ; 0 (0)                     ; 0                 ; 0          ; 0    ; 0            ; |Relogio|display:display|conversorHex7Seg:display4                                   ; conversorHex7Seg            ; work         ;
;       |conversorHex7Seg:display5|                   ; 7 (7)               ; 0 (0)                     ; 0                 ; 0          ; 0    ; 0            ; |Relogio|display:display|conversorHex7Seg:display5                                   ; conversorHex7Seg            ; work         ;
;       |registradorGenerico:REG0|                    ; 0 (0)               ; 4 (4)                     ; 0                 ; 0          ; 0    ; 0            ; |Relogio|display:display|registradorGenerico:REG0                                    ; registradorGenerico         ; work         ;
;       |registradorGenerico:REG1|                    ; 0 (0)               ; 4 (4)                     ; 0                 ; 0          ; 0    ; 0            ; |Relogio|display:display|registradorGenerico:REG1                                    ; registradorGenerico         ; work         ;
;       |registradorGenerico:REG2|                    ; 0 (0)               ; 4 (4)                     ; 0                 ; 0          ; 0    ; 0            ; |Relogio|display:display|registradorGenerico:REG2                                    ; registradorGenerico         ; work         ;
;       |registradorGenerico:REG3|                    ; 0 (0)               ; 4 (4)                     ; 0                 ; 0          ; 0    ; 0            ; |Relogio|display:display|registradorGenerico:REG3                                    ; registradorGenerico         ; work         ;
;       |registradorGenerico:REG4|                    ; 0 (0)               ; 4 (4)                     ; 0                 ; 0          ; 0    ; 0            ; |Relogio|display:display|registradorGenerico:REG4                                    ; registradorGenerico         ; work         ;
;       |registradorGenerico:REG5|                    ; 0 (0)               ; 4 (4)                     ; 0                 ; 0          ; 0    ; 0            ; |Relogio|display:display|registradorGenerico:REG5                                    ; registradorGenerico         ; work         ;
;    |divisorGenerico_e_Interface:interfaceBaseTempo| ; 54 (0)              ; 43 (0)                    ; 0                 ; 0          ; 0    ; 0            ; |Relogio|divisorGenerico_e_Interface:interfaceBaseTempo                              ; divisorGenerico_e_Interface ; work         ;
;       |divisorGenerico:baseRapido|                  ; 20 (20)             ; 16 (16)                   ; 0                 ; 0          ; 0    ; 0            ; |Relogio|divisorGenerico_e_Interface:interfaceBaseTempo|divisorGenerico:baseRapido   ; divisorGenerico             ; work         ;
;       |divisorGenerico:baseTempo|                   ; 33 (33)             ; 26 (26)                   ; 0                 ; 0          ; 0    ; 0            ; |Relogio|divisorGenerico_e_Interface:interfaceBaseTempo|divisorGenerico:baseTempo    ; divisorGenerico             ; work         ;
;       |flipflop:registraUmSegundo|                  ; 0 (0)               ; 1 (1)                     ; 0                 ; 0          ; 0    ; 0            ; |Relogio|divisorGenerico_e_Interface:interfaceBaseTempo|flipflop:registraUmSegundo   ; flipflop                    ; work         ;
;       |muxVelocidade:mux_Velocidade|                ; 1 (1)               ; 0 (0)                     ; 0                 ; 0          ; 0    ; 0            ; |Relogio|divisorGenerico_e_Interface:interfaceBaseTempo|muxVelocidade:mux_Velocidade ; muxVelocidade               ; work         ;
;    |edgeDetector:debounce1|                         ; 2 (2)               ; 1 (1)                     ; 0                 ; 0          ; 0    ; 0            ; |Relogio|edgeDetector:debounce1                                                      ; edgeDetector                ; work         ;
;    |edgeDetector:debounce2|                         ; 2 (2)               ; 1 (1)                     ; 0                 ; 0          ; 0    ; 0            ; |Relogio|edgeDetector:debounce2                                                      ; edgeDetector                ; work         ;
;    |edgeDetector:debounce3|                         ; 2 (2)               ; 1 (1)                     ; 0                 ; 0          ; 0    ; 0            ; |Relogio|edgeDetector:debounce3                                                      ; edgeDetector                ; work         ;
;    |flipflop:FF1|                                   ; 1 (1)               ; 1 (1)                     ; 0                 ; 0          ; 0    ; 0            ; |Relogio|flipflop:FF1                                                                ; flipflop                    ; work         ;
;    |flipflop:FF2|                                   ; 1 (1)               ; 1 (1)                     ; 0                 ; 0          ; 0    ; 0            ; |Relogio|flipflop:FF2                                                                ; flipflop                    ; work         ;
;    |flipflop:ff_debounce0|                          ; 0 (0)               ; 1 (1)                     ; 0                 ; 0          ; 0    ; 0            ; |Relogio|flipflop:ff_debounce0                                                       ; flipflop                    ; work         ;
;    |flipflop:ff_debounce1|                          ; 0 (0)               ; 1 (1)                     ; 0                 ; 0          ; 0    ; 0            ; |Relogio|flipflop:ff_debounce1                                                       ; flipflop                    ; work         ;
;    |flipflop:ff_debounce2|                          ; 0 (0)               ; 1 (1)                     ; 0                 ; 0          ; 0    ; 0            ; |Relogio|flipflop:ff_debounce2                                                       ; flipflop                    ; work         ;
;    |flipflop:ff_debounce3|                          ; 0 (0)               ; 1 (1)                     ; 0                 ; 0          ; 0    ; 0            ; |Relogio|flipflop:ff_debounce3                                                       ; flipflop                    ; work         ;
;    |memoriaRAM:RAM1|                                ; 299 (299)           ; 512 (512)                 ; 0                 ; 0          ; 0    ; 0            ; |Relogio|memoriaRAM:RAM1                                                             ; memoriaRAM                  ; work         ;
;    |memoriaROM:ROM1|                                ; 72 (72)             ; 0 (0)                     ; 0                 ; 0          ; 0    ; 0            ; |Relogio|memoriaROM:ROM1                                                             ; memoriaROM                  ; work         ;
;    |registradorGenerico:REG8|                       ; 0 (0)               ; 8 (8)                     ; 0                 ; 0          ; 0    ; 0            ; |Relogio|registradorGenerico:REG8                                                    ; registradorGenerico         ; work         ;
+-----------------------------------------------------+---------------------+---------------------------+-------------------+------------+------+--------------+--------------------------------------------------------------------------------------+-----------------------------+--------------+
Note: For table entries with two numbers listed, the numbers in parentheses indicate the number of resources of the given type used by the specific entity alone. The numbers listed outside of parentheses indicate the total resources of the given type used by the specific entity and all of its sub-entities in the hierarchy.


+------------------------------------------------------+
; General Register Statistics                          ;
+----------------------------------------------+-------+
; Statistic                                    ; Value ;
+----------------------------------------------+-------+
; Total registers                              ; 623   ;
; Number of registers using Synchronous Clear  ; 40    ;
; Number of registers using Synchronous Load   ; 8     ;
; Number of registers using Asynchronous Clear ; 5     ;
; Number of registers using Asynchronous Load  ; 0     ;
; Number of registers using Clock Enable       ; 561   ;
; Number of registers using Preset             ; 0     ;
+----------------------------------------------+-------+


+---------------------------------------------------------------------------------------------------------------------------------------------------------------------+
; Multiplexer Restructuring Statistics (Restructuring Performed)                                                                                                      ;
+--------------------+-----------+---------------+----------------------+------------------------+------------+-------------------------------------------------------+
; Multiplexer Inputs ; Bus Width ; Baseline Area ; Area if Restructured ; Saving if Restructured ; Registered ; Example Multiplexer Output                            ;
+--------------------+-----------+---------------+----------------------+------------------------+------------+-------------------------------------------------------+
; 4:1                ; 9 bits    ; 18 LEs        ; 18 LEs               ; 0 LEs                  ; Yes        ; |Relogio|CPU:CPU|registradorGenerico:PC|DOUT[4]       ;
; 3:1                ; 3 bits    ; 6 LEs         ; 6 LEs                ; 0 LEs                  ; No         ; |Relogio|CPU:CPU|decoderInstru:DEC_INSTRUCAO|saida[4] ;
; 5:1                ; 3 bits    ; 9 LEs         ; 9 LEs                ; 0 LEs                  ; No         ; |Relogio|CPU:CPU|decoderInstru:DEC_INSTRUCAO|saida[2] ;
+--------------------+-----------+---------------+----------------------+------------------------+------------+-------------------------------------------------------+


+-------------------------------------------------------------------------+
; Parameter Settings for User Entity Instance: Top-level Entity: |relogio ;
+------------------+-------+----------------------------------------------+
; Parameter Name   ; Value ; Type                                         ;
+------------------+-------+----------------------------------------------+
; larguraDados     ; 8     ; Signed Integer                               ;
; larguraEnderecos ; 9     ; Signed Integer                               ;
; simulacao        ; true  ; Enumerated                                   ;
+------------------+-------+----------------------------------------------+
Note: In order to hide this table in the UI and the text report file, please set the "Show Parameter Settings in Synthesis Report" option in "Analysis and Synthesis Settings -> More Settings" to "Off".


+--------------------------------------------------------------+
; Parameter Settings for User Entity Instance: memoriaROM:ROM1 ;
+----------------+-------+-------------------------------------+
; Parameter Name ; Value ; Type                                ;
+----------------+-------+-------------------------------------+
; datawidth      ; 15    ; Signed Integer                      ;
; addrwidth      ; 9     ; Signed Integer                      ;
+----------------+-------+-------------------------------------+
Note: In order to hide this table in the UI and the text report file, please set the "Show Parameter Settings in Synthesis Report" option in "Analysis and Synthesis Settings -> More Settings" to "Off".


+--------------------------------------------------------------+
; Parameter Settings for User Entity Instance: memoriaRAM:RAM1 ;
+----------------+-------+-------------------------------------+
; Parameter Name ; Value ; Type                                ;
+----------------+-------+-------------------------------------+
; datawidth      ; 8     ; Signed Integer                      ;
; addrwidth      ; 6     ; Signed Integer                      ;
+----------------+-------+-------------------------------------+
Note: In order to hide this table in the UI and the text report file, please set the "Show Parameter Settings in Synthesis Report" option in "Analysis and Synthesis Settings -> More Settings" to "Off".


+-----------------------------------------------------------------------------+
; Parameter Settings for User Entity Instance: CPU:CPU|muxGenerico2x1:MUX_ULA ;
+----------------+-------+----------------------------------------------------+
; Parameter Name ; Value ; Type                                               ;
+----------------+-------+----------------------------------------------------+
; larguradados   ; 8     ; Signed Integer                                     ;
+----------------+-------+----------------------------------------------------+
Note: In order to hide this table in the UI and the text report file, please set the "Show Parameter Settings in Synthesis Report" option in "Analysis and Synthesis Settings -> More Settings" to "Off".


+-----------------------------------------------------------------------------+
; Parameter Settings for User Entity Instance: CPU:CPU|registradorGenerico:PC ;
+----------------+-------+----------------------------------------------------+
; Parameter Name ; Value ; Type                                               ;
+----------------+-------+----------------------------------------------------+
; larguradados   ; 9     ; Signed Integer                                     ;
+----------------+-------+----------------------------------------------------+
Note: In order to hide this table in the UI and the text report file, please set the "Show Parameter Settings in Synthesis Report" option in "Analysis and Synthesis Settings -> More Settings" to "Off".


+---------------------------------------------------------------------------------+
; Parameter Settings for User Entity Instance: CPU:CPU|somaConstante:incrementaPC ;
+----------------+-------+--------------------------------------------------------+
; Parameter Name ; Value ; Type                                                   ;
+----------------+-------+--------------------------------------------------------+
; larguradados   ; 9     ; Signed Integer                                         ;
; constante      ; 1     ; Signed Integer                                         ;
+----------------+-------+--------------------------------------------------------+
Note: In order to hide this table in the UI and the text report file, please set the "Show Parameter Settings in Synthesis Report" option in "Analysis and Synthesis Settings -> More Settings" to "Off".


+----------------------------------------------------------------------+
; Parameter Settings for User Entity Instance: CPU:CPU|ULASomaSub:ULA1 ;
+----------------+-------+---------------------------------------------+
; Parameter Name ; Value ; Type                                        ;
+----------------+-------+---------------------------------------------+
; larguradados   ; 8     ; Signed Integer                              ;
+----------------+-------+---------------------------------------------+
Note: In order to hide this table in the UI and the text report file, please set the "Show Parameter Settings in Synthesis Report" option in "Analysis and Synthesis Settings -> More Settings" to "Off".


+----------------------------------------------------------------------------------+
; Parameter Settings for User Entity Instance: CPU:CPU|decoderInstru:DEC_INSTRUCAO ;
+----------------+-------+---------------------------------------------------------+
; Parameter Name ; Value ; Type                                                    ;
+----------------+-------+---------------------------------------------------------+
; larguradados   ; 12    ; Signed Integer                                          ;
+----------------+-------+---------------------------------------------------------+
Note: In order to hide this table in the UI and the text report file, please set the "Show Parameter Settings in Synthesis Report" option in "Analysis and Synthesis Settings -> More Settings" to "Off".


+----------------------------------------------------------------------------+
; Parameter Settings for User Entity Instance: CPU:CPU|muxGenerico4x1:MUX_PC ;
+----------------+-------+---------------------------------------------------+
; Parameter Name ; Value ; Type                                              ;
+----------------+-------+---------------------------------------------------+
; larguradados   ; 9     ; Signed Integer                                    ;
+----------------+-------+---------------------------------------------------+
Note: In order to hide this table in the UI and the text report file, please set the "Show Parameter Settings in Synthesis Report" option in "Analysis and Synthesis Settings -> More Settings" to "Off".


+--------------------------------------------------------------------------------------+
; Parameter Settings for User Entity Instance: CPU:CPU|registradorGenerico:REG_RETORNO ;
+----------------+-------+-------------------------------------------------------------+
; Parameter Name ; Value ; Type                                                        ;
+----------------+-------+-------------------------------------------------------------+
; larguradados   ; 9     ; Signed Integer                                              ;
+----------------+-------+-------------------------------------------------------------+
Note: In order to hide this table in the UI and the text report file, please set the "Show Parameter Settings in Synthesis Report" option in "Analysis and Synthesis Settings -> More Settings" to "Off".


+-----------------------------------------------------------------------------------------+
; Parameter Settings for User Entity Instance: CPU:CPU|bancoRegistradoresArqRegMem:RegMem ;
+---------------------+-------+-----------------------------------------------------------+
; Parameter Name      ; Value ; Type                                                      ;
+---------------------+-------+-----------------------------------------------------------+
; larguradados        ; 8     ; Signed Integer                                            ;
; larguraendbancoregs ; 2     ; Signed Integer                                            ;
+---------------------+-------+-----------------------------------------------------------+
Note: In order to hide this table in the UI and the text report file, please set the "Show Parameter Settings in Synthesis Report" option in "Analysis and Synthesis Settings -> More Settings" to "Off".


+-----------------------------------------------------------------------+
; Parameter Settings for User Entity Instance: registradorGenerico:REG8 ;
+----------------+-------+----------------------------------------------+
; Parameter Name ; Value ; Type                                         ;
+----------------+-------+----------------------------------------------+
; larguradados   ; 8     ; Signed Integer                               ;
+----------------+-------+----------------------------------------------+
Note: In order to hide this table in the UI and the text report file, please set the "Show Parameter Settings in Synthesis Report" option in "Analysis and Synthesis Settings -> More Settings" to "Off".


+---------------------------------------------------------------------------------------+
; Parameter Settings for User Entity Instance: display:display|registradorGenerico:REG0 ;
+----------------+-------+--------------------------------------------------------------+
; Parameter Name ; Value ; Type                                                         ;
+----------------+-------+--------------------------------------------------------------+
; larguradados   ; 4     ; Signed Integer                                               ;
+----------------+-------+--------------------------------------------------------------+
Note: In order to hide this table in the UI and the text report file, please set the "Show Parameter Settings in Synthesis Report" option in "Analysis and Synthesis Settings -> More Settings" to "Off".


+---------------------------------------------------------------------------------------+
; Parameter Settings for User Entity Instance: display:display|registradorGenerico:REG1 ;
+----------------+-------+--------------------------------------------------------------+
; Parameter Name ; Value ; Type                                                         ;
+----------------+-------+--------------------------------------------------------------+
; larguradados   ; 4     ; Signed Integer                                               ;
+----------------+-------+--------------------------------------------------------------+
Note: In order to hide this table in the UI and the text report file, please set the "Show Parameter Settings in Synthesis Report" option in "Analysis and Synthesis Settings -> More Settings" to "Off".


+---------------------------------------------------------------------------------------+
; Parameter Settings for User Entity Instance: display:display|registradorGenerico:REG2 ;
+----------------+-------+--------------------------------------------------------------+
; Parameter Name ; Value ; Type                                                         ;
+----------------+-------+--------------------------------------------------------------+
; larguradados   ; 4     ; Signed Integer                                               ;
+----------------+-------+--------------------------------------------------------------+
Note: In order to hide this table in the UI and the text report file, please set the "Show Parameter Settings in Synthesis Report" option in "Analysis and Synthesis Settings -> More Settings" to "Off".


+---------------------------------------------------------------------------------------+
; Parameter Settings for User Entity Instance: display:display|registradorGenerico:REG3 ;
+----------------+-------+--------------------------------------------------------------+
; Parameter Name ; Value ; Type                                                         ;
+----------------+-------+--------------------------------------------------------------+
; larguradados   ; 4     ; Signed Integer                                               ;
+----------------+-------+--------------------------------------------------------------+
Note: In order to hide this table in the UI and the text report file, please set the "Show Parameter Settings in Synthesis Report" option in "Analysis and Synthesis Settings -> More Settings" to "Off".


+---------------------------------------------------------------------------------------+
; Parameter Settings for User Entity Instance: display:display|registradorGenerico:REG4 ;
+----------------+-------+--------------------------------------------------------------+
; Parameter Name ; Value ; Type                                                         ;
+----------------+-------+--------------------------------------------------------------+
; larguradados   ; 4     ; Signed Integer                                               ;
+----------------+-------+--------------------------------------------------------------+
Note: In order to hide this table in the UI and the text report file, please set the "Show Parameter Settings in Synthesis Report" option in "Analysis and Synthesis Settings -> More Settings" to "Off".


+---------------------------------------------------------------------------------------+
; Parameter Settings for User Entity Instance: display:display|registradorGenerico:REG5 ;
+----------------+-------+--------------------------------------------------------------+
; Parameter Name ; Value ; Type                                                         ;
+----------------+-------+--------------------------------------------------------------+
; larguradados   ; 4     ; Signed Integer                                               ;
+----------------+-------+--------------------------------------------------------------+
Note: In order to hide this table in the UI and the text report file, please set the "Show Parameter Settings in Synthesis Report" option in "Analysis and Synthesis Settings -> More Settings" to "Off".


+-----------------------------------------------------------------------------------------------------------------------+
; Parameter Settings for User Entity Instance: divisorGenerico_e_Interface:interfaceBaseTempo|divisorGenerico:baseTempo ;
+----------------+----------+-------------------------------------------------------------------------------------------+
; Parameter Name ; Value    ; Type                                                                                      ;
+----------------+----------+-------------------------------------------------------------------------------------------+
; divisor        ; 25000000 ; Signed Integer                                                                            ;
+----------------+----------+-------------------------------------------------------------------------------------------+
Note: In order to hide this table in the UI and the text report file, please set the "Show Parameter Settings in Synthesis Report" option in "Analysis and Synthesis Settings -> More Settings" to "Off".


+------------------------------------------------------------------------------------------------------------------------+
; Parameter Settings for User Entity Instance: divisorGenerico_e_Interface:interfaceBaseTempo|divisorGenerico:baseRapido ;
+----------------+-------+-----------------------------------------------------------------------------------------------+
; Parameter Name ; Value ; Type                                                                                          ;
+----------------+-------+-----------------------------------------------------------------------------------------------+
; divisor        ; 25000 ; Signed Integer                                                                                ;
+----------------+-------+-----------------------------------------------------------------------------------------------+
Note: In order to hide this table in the UI and the text report file, please set the "Show Parameter Settings in Synthesis Report" option in "Analysis and Synthesis Settings -> More Settings" to "Off".


+-------------------------------------------------------------------------------------------------------+
; Port Connectivity Checks: "divisorGenerico_e_Interface:interfaceBaseTempo|flipflop:registraUmSegundo" ;
+--------+-------+----------+---------------------------------------------------------------------------+
; Port   ; Type  ; Severity ; Details                                                                   ;
+--------+-------+----------+---------------------------------------------------------------------------+
; din    ; Input ; Info     ; Stuck at VCC                                                              ;
; enable ; Input ; Info     ; Stuck at VCC                                                              ;
+--------+-------+----------+---------------------------------------------------------------------------+


+---------------------------------------------------+
; Port Connectivity Checks: "flipflop:ff_debounce3" ;
+--------+-------+----------+-----------------------+
; Port   ; Type  ; Severity ; Details               ;
+--------+-------+----------+-----------------------+
; din    ; Input ; Info     ; Stuck at VCC          ;
; enable ; Input ; Info     ; Stuck at VCC          ;
+--------+-------+----------+-----------------------+


+---------------------------------------------------+
; Port Connectivity Checks: "flipflop:ff_debounce2" ;
+--------+-------+----------+-----------------------+
; Port   ; Type  ; Severity ; Details               ;
+--------+-------+----------+-----------------------+
; din    ; Input ; Info     ; Stuck at VCC          ;
; enable ; Input ; Info     ; Stuck at VCC          ;
+--------+-------+----------+-----------------------+


+---------------------------------------------------+
; Port Connectivity Checks: "flipflop:ff_debounce1" ;
+--------+-------+----------+-----------------------+
; Port   ; Type  ; Severity ; Details               ;
+--------+-------+----------+-----------------------+
; din    ; Input ; Info     ; Stuck at VCC          ;
; enable ; Input ; Info     ; Stuck at VCC          ;
+--------+-------+----------+-----------------------+


+---------------------------------------------------+
; Port Connectivity Checks: "flipflop:ff_debounce0" ;
+--------+-------+----------+-----------------------+
; Port   ; Type  ; Severity ; Details               ;
+--------+-------+----------+-----------------------+
; din    ; Input ; Info     ; Stuck at VCC          ;
; enable ; Input ; Info     ; Stuck at VCC          ;
+--------+-------+----------+-----------------------+


+--------------------------------------------------------------+
; Port Connectivity Checks: "buffer_3_state_8portas:key_reset" ;
+---------------+-------+----------+---------------------------+
; Port          ; Type  ; Severity ; Details                   ;
+---------------+-------+----------+---------------------------+
; entrada[7..1] ; Input ; Info     ; Stuck at GND              ;
+---------------+-------+----------+---------------------------+


+---------------------------------------------------------+
; Port Connectivity Checks: "buffer_3_state_8portas:key3" ;
+---------------+-------+----------+----------------------+
; Port          ; Type  ; Severity ; Details              ;
+---------------+-------+----------+----------------------+
; entrada[7..1] ; Input ; Info     ; Stuck at GND         ;
+---------------+-------+----------+----------------------+


+---------------------------------------------------------+
; Port Connectivity Checks: "buffer_3_state_8portas:key2" ;
+---------------+-------+----------+----------------------+
; Port          ; Type  ; Severity ; Details              ;
+---------------+-------+----------+----------------------+
; entrada[7..1] ; Input ; Info     ; Stuck at GND         ;
+---------------+-------+----------+----------------------+


+---------------------------------------------------------+
; Port Connectivity Checks: "buffer_3_state_8portas:key1" ;
+---------------+-------+----------+----------------------+
; Port          ; Type  ; Severity ; Details              ;
+---------------+-------+----------+----------------------+
; entrada[7..1] ; Input ; Info     ; Stuck at GND         ;
+---------------+-------+----------+----------------------+


+---------------------------------------------------------+
; Port Connectivity Checks: "buffer_3_state_8portas:key0" ;
+---------------+-------+----------+----------------------+
; Port          ; Type  ; Severity ; Details              ;
+---------------+-------+----------+----------------------+
; entrada[7..1] ; Input ; Info     ; Stuck at GND         ;
+---------------+-------+----------+----------------------+


+--------------------------------------------------------+
; Port Connectivity Checks: "buffer_3_state_8portas:sw8" ;
+---------------+-------+----------+---------------------+
; Port          ; Type  ; Severity ; Details             ;
+---------------+-------+----------+---------------------+
; entrada[7..1] ; Input ; Info     ; Stuck at GND        ;
+---------------+-------+----------+---------------------+


+-----------------------------------------------------------------------+
; Port Connectivity Checks: "display:display|conversorHex7Seg:display5" ;
+----------+-------+----------+-----------------------------------------+
; Port     ; Type  ; Severity ; Details                                 ;
+----------+-------+----------+-----------------------------------------+
; apaga    ; Input ; Info     ; Stuck at GND                            ;
; negativo ; Input ; Info     ; Stuck at GND                            ;
; overflow ; Input ; Info     ; Stuck at GND                            ;
+----------+-------+----------+-----------------------------------------+


+----------------------------------------------------------------------+
; Port Connectivity Checks: "display:display|registradorGenerico:REG5" ;
+------+-------+----------+--------------------------------------------+
; Port ; Type  ; Severity ; Details                                    ;
+------+-------+----------+--------------------------------------------+
; rst  ; Input ; Info     ; Stuck at GND                               ;
+------+-------+----------+--------------------------------------------+


+-----------------------------------------------------------------------+
; Port Connectivity Checks: "display:display|conversorHex7Seg:display4" ;
+----------+-------+----------+-----------------------------------------+
; Port     ; Type  ; Severity ; Details                                 ;
+----------+-------+----------+-----------------------------------------+
; apaga    ; Input ; Info     ; Stuck at GND                            ;
; negativo ; Input ; Info     ; Stuck at GND                            ;
; overflow ; Input ; Info     ; Stuck at GND                            ;
+----------+-------+----------+-----------------------------------------+


+----------------------------------------------------------------------+
; Port Connectivity Checks: "display:display|registradorGenerico:REG4" ;
+------+-------+----------+--------------------------------------------+
; Port ; Type  ; Severity ; Details                                    ;
+------+-------+----------+--------------------------------------------+
; rst  ; Input ; Info     ; Stuck at GND                               ;
+------+-------+----------+--------------------------------------------+


+-----------------------------------------------------------------------+
; Port Connectivity Checks: "display:display|conversorHex7Seg:display3" ;
+----------+-------+----------+-----------------------------------------+
; Port     ; Type  ; Severity ; Details                                 ;
+----------+-------+----------+-----------------------------------------+
; apaga    ; Input ; Info     ; Stuck at GND                            ;
; negativo ; Input ; Info     ; Stuck at GND                            ;
; overflow ; Input ; Info     ; Stuck at GND                            ;
+----------+-------+----------+-----------------------------------------+


+----------------------------------------------------------------------+
; Port Connectivity Checks: "display:display|registradorGenerico:REG3" ;
+------+-------+----------+--------------------------------------------+
; Port ; Type  ; Severity ; Details                                    ;
+------+-------+----------+--------------------------------------------+
; rst  ; Input ; Info     ; Stuck at GND                               ;
+------+-------+----------+--------------------------------------------+


+-----------------------------------------------------------------------+
; Port Connectivity Checks: "display:display|conversorHex7Seg:display2" ;
+----------+-------+----------+-----------------------------------------+
; Port     ; Type  ; Severity ; Details                                 ;
+----------+-------+----------+-----------------------------------------+
; apaga    ; Input ; Info     ; Stuck at GND                            ;
; negativo ; Input ; Info     ; Stuck at GND                            ;
; overflow ; Input ; Info     ; Stuck at GND                            ;
+----------+-------+----------+-----------------------------------------+


+----------------------------------------------------------------------+
; Port Connectivity Checks: "display:display|registradorGenerico:REG2" ;
+------+-------+----------+--------------------------------------------+
; Port ; Type  ; Severity ; Details                                    ;
+------+-------+----------+--------------------------------------------+
; rst  ; Input ; Info     ; Stuck at GND                               ;
+------+-------+----------+--------------------------------------------+


+-----------------------------------------------------------------------+
; Port Connectivity Checks: "display:display|conversorHex7Seg:display1" ;
+----------+-------+----------+-----------------------------------------+
; Port     ; Type  ; Severity ; Details                                 ;
+----------+-------+----------+-----------------------------------------+
; apaga    ; Input ; Info     ; Stuck at GND                            ;
; negativo ; Input ; Info     ; Stuck at GND                            ;
; overflow ; Input ; Info     ; Stuck at GND                            ;
+----------+-------+----------+-----------------------------------------+


+----------------------------------------------------------------------+
; Port Connectivity Checks: "display:display|registradorGenerico:REG1" ;
+------+-------+----------+--------------------------------------------+
; Port ; Type  ; Severity ; Details                                    ;
+------+-------+----------+--------------------------------------------+
; rst  ; Input ; Info     ; Stuck at GND                               ;
+------+-------+----------+--------------------------------------------+


+-----------------------------------------------------------------------+
; Port Connectivity Checks: "display:display|conversorHex7Seg:display0" ;
+----------+-------+----------+-----------------------------------------+
; Port     ; Type  ; Severity ; Details                                 ;
+----------+-------+----------+-----------------------------------------+
; apaga    ; Input ; Info     ; Stuck at GND                            ;
; negativo ; Input ; Info     ; Stuck at GND                            ;
; overflow ; Input ; Info     ; Stuck at GND                            ;
+----------+-------+----------+-----------------------------------------+


+----------------------------------------------------------------------+
; Port Connectivity Checks: "display:display|registradorGenerico:REG0" ;
+------+-------+----------+--------------------------------------------+
; Port ; Type  ; Severity ; Details                                    ;
+------+-------+----------+--------------------------------------------+
; rst  ; Input ; Info     ; Stuck at GND                               ;
+------+-------+----------+--------------------------------------------+


+------------------------------------------------------+
; Port Connectivity Checks: "registradorGenerico:REG8" ;
+------+-------+----------+----------------------------+
; Port ; Type  ; Severity ; Details                    ;
+------+-------+----------+----------------------------+
; rst  ; Input ; Info     ; Stuck at GND               ;
+------+-------+----------+----------------------------+


+------------------------------------------+
; Port Connectivity Checks: "flipflop:FF2" ;
+------+-------+----------+----------------+
; Port ; Type  ; Severity ; Details        ;
+------+-------+----------+----------------+
; rst  ; Input ; Info     ; Stuck at GND   ;
+------+-------+----------+----------------+


+------------------------------------------+
; Port Connectivity Checks: "flipflop:FF1" ;
+------+-------+----------+----------------+
; Port ; Type  ; Severity ; Details        ;
+------+-------+----------+----------------+
; rst  ; Input ; Info     ; Stuck at GND   ;
+------+-------+----------+----------------+


+---------------------------------------------------------------------+
; Port Connectivity Checks: "CPU:CPU|registradorGenerico:REG_RETORNO" ;
+------+-------+----------+-------------------------------------------+
; Port ; Type  ; Severity ; Details                                   ;
+------+-------+----------+-------------------------------------------+
; rst  ; Input ; Info     ; Stuck at GND                              ;
+------+-------+----------+-------------------------------------------+


+---------------------------------------------------------+
; Port Connectivity Checks: "CPU:CPU|flipflop:FLAG_IGUAL" ;
+------+-------+----------+-------------------------------+
; Port ; Type  ; Severity ; Details                       ;
+------+-------+----------+-------------------------------+
; rst  ; Input ; Info     ; Stuck at GND                  ;
+------+-------+----------+-------------------------------+


+-----------------------------------------------------------+
; Port Connectivity Checks: "CPU:CPU|muxGenerico4x1:MUX_PC" ;
+----------+-------+----------+-----------------------------+
; Port     ; Type  ; Severity ; Details                     ;
+----------+-------+----------+-----------------------------+
; ent3_mux ; Input ; Info     ; Stuck at GND                ;
+----------+-------+----------+-----------------------------+


+------------------------------------------------------------+
; Port Connectivity Checks: "CPU:CPU|registradorGenerico:PC" ;
+--------+-------+----------+--------------------------------+
; Port   ; Type  ; Severity ; Details                        ;
+--------+-------+----------+--------------------------------+
; enable ; Input ; Info     ; Stuck at VCC                   ;
; rst    ; Input ; Info     ; Stuck at GND                   ;
+--------+-------+----------+--------------------------------+


+-----------------------------------------------------------------------------------------------------------------------+
; Port Connectivity Checks: "decoder3x8:DEC2"                                                                           ;
+-------------+--------+----------+-------------------------------------------------------------------------------------+
; Port        ; Type   ; Severity ; Details                                                                             ;
+-------------+--------+----------+-------------------------------------------------------------------------------------+
; saida[7..6] ; Output ; Info     ; Connected to dangling logic. Logic that only feeds a dangling port will be removed. ;
+-------------+--------+----------+-------------------------------------------------------------------------------------+


+-----------------------------------------------------------------------------------------------------------------------+
; Port Connectivity Checks: "decoder3x8:DEC1"                                                                           ;
+-------------+--------+----------+-------------------------------------------------------------------------------------+
; Port        ; Type   ; Severity ; Details                                                                             ;
+-------------+--------+----------+-------------------------------------------------------------------------------------+
; saida[7..6] ; Output ; Info     ; Connected to dangling logic. Logic that only feeds a dangling port will be removed. ;
; saida[3..1] ; Output ; Info     ; Connected to dangling logic. Logic that only feeds a dangling port will be removed. ;
+-------------+--------+----------+-------------------------------------------------------------------------------------+


+-----------------------------------------------------+
; Post-Synthesis Netlist Statistics for Top Partition ;
+-----------------------+-----------------------------+
; Type                  ; Count                       ;
+-----------------------+-----------------------------+
; arriav_ff             ; 623                         ;
;     CLR               ; 5                           ;
;     ENA               ; 553                         ;
;     ENA SLD           ; 8                           ;
;     SCLR              ; 40                          ;
;     plain             ; 17                          ;
; arriav_lcell_comb     ; 560                         ;
;     arith             ; 58                          ;
;         1 data inputs ; 49                          ;
;         4 data inputs ; 1                           ;
;         5 data inputs ; 8                           ;
;     normal            ; 502                         ;
;         1 data inputs ; 3                           ;
;         2 data inputs ; 74                          ;
;         3 data inputs ; 9                           ;
;         4 data inputs ; 57                          ;
;         5 data inputs ; 45                          ;
;         6 data inputs ; 314                         ;
; boundary_port         ; 68                          ;
;                       ;                             ;
; Max LUT depth         ; 10.50                       ;
; Average LUT depth     ; 6.45                        ;
+-----------------------+-----------------------------+


+-------------------------------+
; Elapsed Time Per Partition    ;
+----------------+--------------+
; Partition Name ; Elapsed Time ;
+----------------+--------------+
; Top            ; 00:00:02     ;
+----------------+--------------+


+-------------------------------+
; Analysis & Synthesis Messages ;
+-------------------------------+
Info: *******************************************************************
Info: Running Quartus Prime Analysis & Synthesis
    Info: Version 20.1.0 Build 711 06/05/2020 SJ Lite Edition
    Info: Processing started: Fri May 05 23:59:06 2023
Info: Command: quartus_map --read_settings_files=on --write_settings_files=off relogio -c relogio
Warning (18236): Number of processors has not been specified which may cause overloading on shared machines.  Set the global assignment NUM_PARALLEL_PROCESSORS in your QSF to an appropriate value for best performance.
Info (20030): Parallel compilation is enabled and will use 4 of the 4 processors detected
Info (12021): Found 2 design units, including 1 entities, in source file ulasomasub.vhd
    Info (12022): Found design unit 1: ULASomaSub-comportamento File: C:/Users/nishi/OneDrive/Documentos/DESCOMP/Proj-Contador/Relógio/ULASomaSub.vhd Line: 15
    Info (12023): Found entity 1: ULASomaSub File: C:/Users/nishi/OneDrive/Documentos/DESCOMP/Proj-Contador/Relógio/ULASomaSub.vhd Line: 5
Info (12021): Found 2 design units, including 1 entities, in source file somaconstante.vhd
    Info (12022): Found design unit 1: somaConstante-comportamento File: C:/Users/nishi/OneDrive/Documentos/DESCOMP/Proj-Contador/Relógio/somaConstante.vhd Line: 18
    Info (12023): Found entity 1: somaConstante File: C:/Users/nishi/OneDrive/Documentos/DESCOMP/Proj-Contador/Relógio/somaConstante.vhd Line: 5
Info (12021): Found 2 design units, including 1 entities, in source file relogio.vhd
    Info (12022): Found design unit 1: Relogio-arquitetura File: C:/Users/nishi/OneDrive/Documentos/DESCOMP/Proj-Contador/Relógio/Relogio.vhd Line: 21
    Info (12023): Found entity 1: Relogio File: C:/Users/nishi/OneDrive/Documentos/DESCOMP/Proj-Contador/Relógio/Relogio.vhd Line: 4
Info (12021): Found 2 design units, including 1 entities, in source file registradorgenerico.vhd
    Info (12022): Found design unit 1: registradorGenerico-comportamento File: C:/Users/nishi/OneDrive/Documentos/DESCOMP/Proj-Contador/Relógio/registradorGenerico.vhd Line: 15
    Info (12023): Found entity 1: registradorGenerico File: C:/Users/nishi/OneDrive/Documentos/DESCOMP/Proj-Contador/Relógio/registradorGenerico.vhd Line: 4
Info (12021): Found 2 design units, including 1 entities, in source file muxgenerico4x1.vhd
    Info (12022): Found design unit 1: muxGenerico4x1-comportamento File: C:/Users/nishi/OneDrive/Documentos/DESCOMP/Proj-Contador/Relógio/muxGenerico4x1.vhd Line: 14
    Info (12023): Found entity 1: muxGenerico4x1 File: C:/Users/nishi/OneDrive/Documentos/DESCOMP/Proj-Contador/Relógio/muxGenerico4x1.vhd Line: 4
Info (12021): Found 2 design units, including 1 entities, in source file muxgenerico2x1.vhd
    Info (12022): Found design unit 1: muxGenerico2x1-comportamento File: C:/Users/nishi/OneDrive/Documentos/DESCOMP/Proj-Contador/Relógio/muxGenerico2x1.vhd Line: 14
    Info (12023): Found entity 1: muxGenerico2x1 File: C:/Users/nishi/OneDrive/Documentos/DESCOMP/Proj-Contador/Relógio/muxGenerico2x1.vhd Line: 4
Info (12021): Found 2 design units, including 1 entities, in source file memoriarom.vhd
    Info (12022): Found design unit 1: memoriaROM-assincrona File: C:/Users/nishi/OneDrive/Documentos/DESCOMP/Proj-Contador/Relógio/memoriaROM.vhd Line: 16
    Info (12023): Found entity 1: memoriaROM File: C:/Users/nishi/OneDrive/Documentos/DESCOMP/Proj-Contador/Relógio/memoriaROM.vhd Line: 5
Info (12021): Found 2 design units, including 1 entities, in source file memoriaram.vhd
    Info (12022): Found design unit 1: memoriaRAM-rtl File: C:/Users/nishi/OneDrive/Documentos/DESCOMP/Proj-Contador/Relógio/memoriaRAM.vhd Line: 21
    Info (12023): Found entity 1: memoriaRAM File: C:/Users/nishi/OneDrive/Documentos/DESCOMP/Proj-Contador/Relógio/memoriaRAM.vhd Line: 5
Info (12021): Found 2 design units, including 1 entities, in source file logicodesvio.vhd
    Info (12022): Found design unit 1: logicoDesvio-comportamento File: C:/Users/nishi/OneDrive/Documentos/DESCOMP/Proj-Contador/Relógio/logicoDesvio.vhd Line: 15
    Info (12023): Found entity 1: logicoDesvio File: C:/Users/nishi/OneDrive/Documentos/DESCOMP/Proj-Contador/Relógio/logicoDesvio.vhd Line: 4
Info (12021): Found 2 design units, including 1 entities, in source file flipflop.vhd
    Info (12022): Found design unit 1: flipflop-comportamento File: C:/Users/nishi/OneDrive/Documentos/DESCOMP/Proj-Contador/Relógio/flipflop.vhd Line: 12
    Info (12023): Found entity 1: flipflop File: C:/Users/nishi/OneDrive/Documentos/DESCOMP/Proj-Contador/Relógio/flipflop.vhd Line: 4
Info (12021): Found 3 design units, including 1 entities, in source file edgedetector.vhd
    Info (12022): Found design unit 1: edgeDetector-bordaSubida File: C:/Users/nishi/OneDrive/Documentos/DESCOMP/Proj-Contador/Relógio/edgeDetector.vhd Line: 10
    Info (12022): Found design unit 2: edgeDetector-bordaDescida File: C:/Users/nishi/OneDrive/Documentos/DESCOMP/Proj-Contador/Relógio/edgeDetector.vhd Line: 23
    Info (12023): Found entity 1: edgeDetector File: C:/Users/nishi/OneDrive/Documentos/DESCOMP/Proj-Contador/Relógio/edgeDetector.vhd Line: 4
Info (12021): Found 2 design units, including 1 entities, in source file display.vhd
    Info (12022): Found design unit 1: display-arquitetura File: C:/Users/nishi/OneDrive/Documentos/DESCOMP/Proj-Contador/Relógio/display.vhd Line: 18
    Info (12023): Found entity 1: display File: C:/Users/nishi/OneDrive/Documentos/DESCOMP/Proj-Contador/Relógio/display.vhd Line: 4
Info (12021): Found 2 design units, including 1 entities, in source file decoderinstru.vhd
    Info (12022): Found design unit 1: decoderInstru-comportamento File: C:/Users/nishi/OneDrive/Documentos/DESCOMP/Proj-Contador/Relógio/decoderInstru.vhd Line: 12
    Info (12023): Found entity 1: decoderInstru File: C:/Users/nishi/OneDrive/Documentos/DESCOMP/Proj-Contador/Relógio/decoderInstru.vhd Line: 4
Info (12021): Found 2 design units, including 1 entities, in source file decoder3x8.vhd
    Info (12022): Found design unit 1: decoder3x8-comportamento File: C:/Users/nishi/OneDrive/Documentos/DESCOMP/Proj-Contador/Relógio/decoder3x8.vhd Line: 10
    Info (12023): Found entity 1: decoder3x8 File: C:/Users/nishi/OneDrive/Documentos/DESCOMP/Proj-Contador/Relógio/decoder3x8.vhd Line: 4
Info (12021): Found 2 design units, including 1 entities, in source file cpu.vhd
    Info (12022): Found design unit 1: CPU-arquitetura File: C:/Users/nishi/OneDrive/Documentos/DESCOMP/Proj-Contador/Relógio/CPU.vhd Line: 19
    Info (12023): Found entity 1: CPU File: C:/Users/nishi/OneDrive/Documentos/DESCOMP/Proj-Contador/Relógio/CPU.vhd Line: 4
Info (12021): Found 2 design units, including 1 entities, in source file conversorhex7seg.vhd
    Info (12022): Found design unit 1: conversorHex7Seg-comportamento File: C:/Users/nishi/OneDrive/Documentos/DESCOMP/Proj-Contador/Relógio/conversorHex7Seg.vhd Line: 17
    Info (12023): Found entity 1: conversorHex7Seg File: C:/Users/nishi/OneDrive/Documentos/DESCOMP/Proj-Contador/Relógio/conversorHex7Seg.vhd Line: 4
Info (12021): Found 2 design units, including 1 entities, in source file buffer_3_state_8portas.vhd
    Info (12022): Found design unit 1: buffer_3_state_8portas-comportamento File: C:/Users/nishi/OneDrive/Documentos/DESCOMP/Proj-Contador/Relógio/buffer_3_state_8portas.vhd Line: 11
    Info (12023): Found entity 1: buffer_3_state_8portas File: C:/Users/nishi/OneDrive/Documentos/DESCOMP/Proj-Contador/Relógio/buffer_3_state_8portas.vhd Line: 4
Info (12021): Found 2 design units, including 1 entities, in source file bancoregistradoresarqregmem.vhd
    Info (12022): Found design unit 1: bancoRegistradoresArqRegMem-comportamento File: C:/Users/nishi/OneDrive/Documentos/DESCOMP/Proj-Contador/Relógio/bancoRegistradoresArqRegMem.vhd Line: 23
    Info (12023): Found entity 1: bancoRegistradoresArqRegMem File: C:/Users/nishi/OneDrive/Documentos/DESCOMP/Proj-Contador/Relógio/bancoRegistradoresArqRegMem.vhd Line: 5
Info (12021): Found 2 design units, including 1 entities, in source file divisorgenerico.vhd
    Info (12022): Found design unit 1: divisorGenerico-divInteiro File: C:/Users/nishi/OneDrive/Documentos/DESCOMP/Proj-Contador/Relógio/divisorGenerico.vhd Line: 15
    Info (12023): Found entity 1: divisorGenerico File: C:/Users/nishi/OneDrive/Documentos/DESCOMP/Proj-Contador/Relógio/divisorGenerico.vhd Line: 5
Info (12021): Found 2 design units, including 1 entities, in source file divisorgenerico_e_interface.vhd
    Info (12022): Found design unit 1: divisorGenerico_e_Interface-interface File: C:/Users/nishi/OneDrive/Documentos/DESCOMP/Proj-Contador/Relógio/divisorGenerico_e_Interface.vhd Line: 15
    Info (12023): Found entity 1: divisorGenerico_e_Interface File: C:/Users/nishi/OneDrive/Documentos/DESCOMP/Proj-Contador/Relógio/divisorGenerico_e_Interface.vhd Line: 5
Info (12021): Found 2 design units, including 1 entities, in source file muxvelocidade.vhd
    Info (12022): Found design unit 1: muxVelocidade-comportamento File: C:/Users/nishi/OneDrive/Documentos/DESCOMP/Proj-Contador/Relógio/muxVelocidade.vhd Line: 13
    Info (12023): Found entity 1: muxVelocidade File: C:/Users/nishi/OneDrive/Documentos/DESCOMP/Proj-Contador/Relógio/muxVelocidade.vhd Line: 4
Info (12127): Elaborating entity "relogio" for the top level hierarchy
Warning (10036): Verilog HDL or VHDL warning at Relogio.vhd(51): object "hab_sw9" assigned a value but never read File: C:/Users/nishi/OneDrive/Documentos/DESCOMP/Proj-Contador/Relógio/Relogio.vhd Line: 51
Info (12128): Elaborating entity "memoriaROM" for hierarchy "memoriaROM:ROM1" File: C:/Users/nishi/OneDrive/Documentos/DESCOMP/Proj-Contador/Relógio/Relogio.vhd Line: 93
Info (12128): Elaborating entity "decoder3x8" for hierarchy "decoder3x8:DEC1" File: C:/Users/nishi/OneDrive/Documentos/DESCOMP/Proj-Contador/Relógio/Relogio.vhd Line: 96
Info (12128): Elaborating entity "memoriaRAM" for hierarchy "memoriaRAM:RAM1" File: C:/Users/nishi/OneDrive/Documentos/DESCOMP/Proj-Contador/Relógio/Relogio.vhd Line: 102
Info (12128): Elaborating entity "CPU" for hierarchy "CPU:CPU" File: C:/Users/nishi/OneDrive/Documentos/DESCOMP/Proj-Contador/Relógio/Relogio.vhd Line: 106
Info (12128): Elaborating entity "muxGenerico2x1" for hierarchy "CPU:CPU|muxGenerico2x1:MUX_ULA" File: C:/Users/nishi/OneDrive/Documentos/DESCOMP/Proj-Contador/Relógio/CPU.vhd Line: 65
Info (12128): Elaborating entity "registradorGenerico" for hierarchy "CPU:CPU|registradorGenerico:PC" File: C:/Users/nishi/OneDrive/Documentos/DESCOMP/Proj-Contador/Relógio/CPU.vhd Line: 76
Info (12128): Elaborating entity "somaConstante" for hierarchy "CPU:CPU|somaConstante:incrementaPC" File: C:/Users/nishi/OneDrive/Documentos/DESCOMP/Proj-Contador/Relógio/CPU.vhd Line: 79
Info (12128): Elaborating entity "ULASomaSub" for hierarchy "CPU:CPU|ULASomaSub:ULA1" File: C:/Users/nishi/OneDrive/Documentos/DESCOMP/Proj-Contador/Relógio/CPU.vhd Line: 84
Info (12128): Elaborating entity "decoderInstru" for hierarchy "CPU:CPU|decoderInstru:DEC_INSTRUCAO" File: C:/Users/nishi/OneDrive/Documentos/DESCOMP/Proj-Contador/Relógio/CPU.vhd Line: 89
Info (12128): Elaborating entity "muxGenerico4x1" for hierarchy "CPU:CPU|muxGenerico4x1:MUX_PC" File: C:/Users/nishi/OneDrive/Documentos/DESCOMP/Proj-Contador/Relógio/CPU.vhd Line: 93
Info (10041): Inferred latch for "saida_MUX[0]" at muxGenerico4x1.vhd(16) File: C:/Users/nishi/OneDrive/Documentos/DESCOMP/Proj-Contador/Relógio/muxGenerico4x1.vhd Line: 16
Info (10041): Inferred latch for "saida_MUX[1]" at muxGenerico4x1.vhd(16) File: C:/Users/nishi/OneDrive/Documentos/DESCOMP/Proj-Contador/Relógio/muxGenerico4x1.vhd Line: 16
Info (10041): Inferred latch for "saida_MUX[2]" at muxGenerico4x1.vhd(16) File: C:/Users/nishi/OneDrive/Documentos/DESCOMP/Proj-Contador/Relógio/muxGenerico4x1.vhd Line: 16
Info (10041): Inferred latch for "saida_MUX[3]" at muxGenerico4x1.vhd(16) File: C:/Users/nishi/OneDrive/Documentos/DESCOMP/Proj-Contador/Relógio/muxGenerico4x1.vhd Line: 16
Info (10041): Inferred latch for "saida_MUX[4]" at muxGenerico4x1.vhd(16) File: C:/Users/nishi/OneDrive/Documentos/DESCOMP/Proj-Contador/Relógio/muxGenerico4x1.vhd Line: 16
Info (10041): Inferred latch for "saida_MUX[5]" at muxGenerico4x1.vhd(16) File: C:/Users/nishi/OneDrive/Documentos/DESCOMP/Proj-Contador/Relógio/muxGenerico4x1.vhd Line: 16
Info (10041): Inferred latch for "saida_MUX[6]" at muxGenerico4x1.vhd(16) File: C:/Users/nishi/OneDrive/Documentos/DESCOMP/Proj-Contador/Relógio/muxGenerico4x1.vhd Line: 16
Info (10041): Inferred latch for "saida_MUX[7]" at muxGenerico4x1.vhd(16) File: C:/Users/nishi/OneDrive/Documentos/DESCOMP/Proj-Contador/Relógio/muxGenerico4x1.vhd Line: 16
Info (10041): Inferred latch for "saida_MUX[8]" at muxGenerico4x1.vhd(16) File: C:/Users/nishi/OneDrive/Documentos/DESCOMP/Proj-Contador/Relógio/muxGenerico4x1.vhd Line: 16
Info (12128): Elaborating entity "flipflop" for hierarchy "CPU:CPU|flipflop:FLAG_IGUAL" File: C:/Users/nishi/OneDrive/Documentos/DESCOMP/Proj-Contador/Relógio/CPU.vhd Line: 101
Info (12128): Elaborating entity "logicoDesvio" for hierarchy "CPU:CPU|logicoDesvio:DESVIO" File: C:/Users/nishi/OneDrive/Documentos/DESCOMP/Proj-Contador/Relógio/CPU.vhd Line: 103
Info (12128): Elaborating entity "bancoRegistradoresArqRegMem" for hierarchy "CPU:CPU|bancoRegistradoresArqRegMem:RegMem" File: C:/Users/nishi/OneDrive/Documentos/DESCOMP/Proj-Contador/Relógio/CPU.vhd Line: 110
Info (12128): Elaborating entity "registradorGenerico" for hierarchy "registradorGenerico:REG8" File: C:/Users/nishi/OneDrive/Documentos/DESCOMP/Proj-Contador/Relógio/Relogio.vhd Line: 115
Info (12128): Elaborating entity "display" for hierarchy "display:display" File: C:/Users/nishi/OneDrive/Documentos/DESCOMP/Proj-Contador/Relógio/Relogio.vhd Line: 119
Info (12128): Elaborating entity "registradorGenerico" for hierarchy "display:display|registradorGenerico:REG0" File: C:/Users/nishi/OneDrive/Documentos/DESCOMP/Proj-Contador/Relógio/display.vhd Line: 44
Info (12128): Elaborating entity "conversorHex7Seg" for hierarchy "display:display|conversorHex7Seg:display0" File: C:/Users/nishi/OneDrive/Documentos/DESCOMP/Proj-Contador/Relógio/display.vhd Line: 48
Info (12128): Elaborating entity "buffer_3_state_8portas" for hierarchy "buffer_3_state_8portas:sw0a7" File: C:/Users/nishi/OneDrive/Documentos/DESCOMP/Proj-Contador/Relógio/Relogio.vhd Line: 127
Info (12129): Elaborating entity "edgeDetector" using architecture "A:bordasubida" for hierarchy "edgeDetector:debounce1" File: C:/Users/nishi/OneDrive/Documentos/DESCOMP/Proj-Contador/Relógio/Relogio.vhd Line: 158
Info (12128): Elaborating entity "divisorGenerico_e_Interface" for hierarchy "divisorGenerico_e_Interface:interfaceBaseTempo" File: C:/Users/nishi/OneDrive/Documentos/DESCOMP/Proj-Contador/Relógio/Relogio.vhd Line: 179
Info (12128): Elaborating entity "divisorGenerico" for hierarchy "divisorGenerico_e_Interface:interfaceBaseTempo|divisorGenerico:baseTempo" File: C:/Users/nishi/OneDrive/Documentos/DESCOMP/Proj-Contador/Relógio/divisorGenerico_e_Interface.vhd Line: 24
Info (12128): Elaborating entity "divisorGenerico" for hierarchy "divisorGenerico_e_Interface:interfaceBaseTempo|divisorGenerico:baseRapido" File: C:/Users/nishi/OneDrive/Documentos/DESCOMP/Proj-Contador/Relógio/divisorGenerico_e_Interface.vhd Line: 29
Info (12128): Elaborating entity "muxVelocidade" for hierarchy "divisorGenerico_e_Interface:interfaceBaseTempo|muxVelocidade:mux_Velocidade" File: C:/Users/nishi/OneDrive/Documentos/DESCOMP/Proj-Contador/Relógio/divisorGenerico_e_Interface.vhd Line: 34
Warning (19016): Clock multiplexers are found and protected
    Warning (19017): Found clock multiplexer divisorGenerico_e_Interface:interfaceBaseTempo|muxVelocidade:mux_Velocidade|saida_MUX File: C:/Users/nishi/OneDrive/Documentos/DESCOMP/Proj-Contador/Relógio/muxVelocidade.vhd Line: 9
Info (276014): Found 2 instances of uninferred RAM logic
    Info (276004): RAM logic "CPU:CPU|bancoRegistradoresArqRegMem:RegMem|registrador" is uninferred due to inappropriate RAM size File: C:/Users/nishi/OneDrive/Documentos/DESCOMP/Proj-Contador/Relógio/bancoRegistradoresArqRegMem.vhd Line: 29
    Info (276007): RAM logic "memoriaRAM:RAM1|ram" is uninferred due to asynchronous read logic File: C:/Users/nishi/OneDrive/Documentos/DESCOMP/Proj-Contador/Relógio/memoriaRAM.vhd Line: 27
Warning (13046): Tri-state node(s) do not directly drive top-level pin(s)
    Warning (13048): Converted tri-state node "saida_RAM[7]" into a selector File: C:/Users/nishi/OneDrive/Documentos/DESCOMP/Proj-Contador/Relógio/muxGenerico2x1.vhd Line: 10
    Warning (13048): Converted tri-state node "saida_RAM[6]" into a selector File: C:/Users/nishi/OneDrive/Documentos/DESCOMP/Proj-Contador/Relógio/muxGenerico2x1.vhd Line: 10
    Warning (13048): Converted tri-state node "saida_RAM[5]" into a selector File: C:/Users/nishi/OneDrive/Documentos/DESCOMP/Proj-Contador/Relógio/muxGenerico2x1.vhd Line: 10
    Warning (13048): Converted tri-state node "saida_RAM[4]" into a selector File: C:/Users/nishi/OneDrive/Documentos/DESCOMP/Proj-Contador/Relógio/muxGenerico2x1.vhd Line: 10
    Warning (13048): Converted tri-state node "saida_RAM[3]" into a selector File: C:/Users/nishi/OneDrive/Documentos/DESCOMP/Proj-Contador/Relógio/muxGenerico2x1.vhd Line: 10
    Warning (13048): Converted tri-state node "saida_RAM[2]" into a selector File: C:/Users/nishi/OneDrive/Documentos/DESCOMP/Proj-Contador/Relógio/muxGenerico2x1.vhd Line: 10
    Warning (13048): Converted tri-state node "saida_RAM[1]" into a selector File: C:/Users/nishi/OneDrive/Documentos/DESCOMP/Proj-Contador/Relógio/muxGenerico2x1.vhd Line: 10
    Warning (13048): Converted tri-state node "saida_RAM[0]" into a selector File: C:/Users/nishi/OneDrive/Documentos/DESCOMP/Proj-Contador/Relógio/muxGenerico2x1.vhd Line: 10
    Warning (13049): Converted tri-state buffer "divisorGenerico_e_Interface:interfaceBaseTempo|leituraUmSegundo" feeding internal logic into a wire File: C:/Users/nishi/OneDrive/Documentos/DESCOMP/Proj-Contador/Relógio/divisorGenerico_e_Interface.vhd Line: 10
Warning (14026): LATCH primitive "CPU:CPU|muxGenerico4x1:MUX_PC|saida_MUX[0]" is permanently enabled File: C:/Users/nishi/OneDrive/Documentos/DESCOMP/Proj-Contador/Relógio/muxGenerico4x1.vhd Line: 16
Warning (14026): LATCH primitive "CPU:CPU|muxGenerico4x1:MUX_PC|saida_MUX[1]" is permanently enabled File: C:/Users/nishi/OneDrive/Documentos/DESCOMP/Proj-Contador/Relógio/muxGenerico4x1.vhd Line: 16
Warning (14026): LATCH primitive "CPU:CPU|muxGenerico4x1:MUX_PC|saida_MUX[2]" is permanently enabled File: C:/Users/nishi/OneDrive/Documentos/DESCOMP/Proj-Contador/Relógio/muxGenerico4x1.vhd Line: 16
Warning (14026): LATCH primitive "CPU:CPU|muxGenerico4x1:MUX_PC|saida_MUX[3]" is permanently enabled File: C:/Users/nishi/OneDrive/Documentos/DESCOMP/Proj-Contador/Relógio/muxGenerico4x1.vhd Line: 16
Warning (14026): LATCH primitive "CPU:CPU|muxGenerico4x1:MUX_PC|saida_MUX[4]" is permanently enabled File: C:/Users/nishi/OneDrive/Documentos/DESCOMP/Proj-Contador/Relógio/muxGenerico4x1.vhd Line: 16
Warning (14026): LATCH primitive "CPU:CPU|muxGenerico4x1:MUX_PC|saida_MUX[5]" is permanently enabled File: C:/Users/nishi/OneDrive/Documentos/DESCOMP/Proj-Contador/Relógio/muxGenerico4x1.vhd Line: 16
Warning (14026): LATCH primitive "CPU:CPU|muxGenerico4x1:MUX_PC|saida_MUX[6]" is permanently enabled File: C:/Users/nishi/OneDrive/Documentos/DESCOMP/Proj-Contador/Relógio/muxGenerico4x1.vhd Line: 16
Warning (14026): LATCH primitive "CPU:CPU|muxGenerico4x1:MUX_PC|saida_MUX[7]" is permanently enabled File: C:/Users/nishi/OneDrive/Documentos/DESCOMP/Proj-Contador/Relógio/muxGenerico4x1.vhd Line: 16
Warning (14026): LATCH primitive "CPU:CPU|muxGenerico4x1:MUX_PC|saida_MUX[8]" is permanently enabled File: C:/Users/nishi/OneDrive/Documentos/DESCOMP/Proj-Contador/Relógio/muxGenerico4x1.vhd Line: 16
Info (286030): Timing-Driven Synthesis is running
Info (16010): Generating hard_block partition "hard_block:auto_generated_inst"
    Info (16011): Adding 0 node(s), including 0 DDIO, 0 PLL, 0 transceiver and 0 LCELL
Warning (21074): Design contains 1 input pin(s) that do not drive logic
    Warning (15610): No output dependent on input pin "KEY[0]" File: C:/Users/nishi/OneDrive/Documentos/DESCOMP/Proj-Contador/Relógio/Relogio.vhd Line: 12
Info (21057): Implemented 1194 device resources after synthesis - the final resource count might be different
    Info (21058): Implemented 16 input pins
    Info (21059): Implemented 52 output pins
    Info (21061): Implemented 1126 logic cells
Info: Quartus Prime Analysis & Synthesis was successful. 0 errors, 25 warnings
    Info: Peak virtual memory: 4852 megabytes
    Info: Processing ended: Fri May 05 23:59:18 2023
    Info: Elapsed time: 00:00:12
    Info: Total CPU time (on all processors): 00:00:23


